<?xml version="1.0" encoding="UTF-8" ?>
<testsuite errors="0" failures="0" hostname="pauline-OptiPlex-3080" name="lowatem.JoueurLowatemTest" skipped="0" tests="5" time="0.142" timestamp="2021-12-14T00:07:02">
  <properties>
    <property name="libs.spring-framework300.classpath" value="/usr/local/netbeans-12.6/netbeans/platform/modules/org-apache-commons-logging.jar:/usr/local/netbeans-12.6/netbeans/java/modules/ext/cglib-2.2.jar:/usr/local/netbeans-12.6/netbeans/java/modules/ext/spring-3.0/spring-aop-3.2.18.RELEASE.jar:/usr/local/netbeans-12.6/netbeans/java/modules/ext/spring-3.0/spring-aspects-3.2.18.RELEASE.jar:/usr/local/netbeans-12.6/netbeans/java/modules/ext/spring-3.0/spring-beans-3.2.18.RELEASE.jar:/usr/local/netbeans-12.6/netbeans/java/modules/ext/spring-3.0/spring-context-3.2.18.RELEASE.jar:/usr/local/netbeans-12.6/netbeans/java/modules/ext/spring-3.0/spring-context-support-3.2.18.RELEASE.jar:/usr/local/netbeans-12.6/netbeans/java/modules/ext/spring-3.0/spring-core-3.2.18.RELEASE.jar:/usr/local/netbeans-12.6/netbeans/java/modules/ext/spring-3.0/spring-expression-3.2.18.RELEASE.jar:/usr/local/netbeans-12.6/netbeans/java/modules/ext/spring-3.0/spring-instrument-3.2.18.RELEASE.jar:/usr/local/netbeans-12.6/netbeans/java/modules/ext/spring-3.0/spring-instrument-tomcat-3.2.18.RELEASE.jar:/usr/local/netbeans-12.6/netbeans/java/modules/ext/spring-3.0/spring-jdbc-3.2.18.RELEASE.jar:/usr/local/netbeans-12.6/netbeans/java/modules/ext/spring-3.0/spring-jms-3.2.18.RELEASE.jar:/usr/local/netbeans-12.6/netbeans/java/modules/ext/spring-3.0/spring-orm-3.2.18.RELEASE.jar:/usr/local/netbeans-12.6/netbeans/java/modules/ext/spring-3.0/spring-oxm-3.2.18.RELEASE.jar:/usr/local/netbeans-12.6/netbeans/java/modules/ext/spring-3.0/spring-struts-3.2.18.RELEASE.jar:/usr/local/netbeans-12.6/netbeans/java/modules/ext/spring-3.0/spring-test-3.2.18.RELEASE.jar:/usr/local/netbeans-12.6/netbeans/java/modules/ext/spring-3.0/spring-tx-3.2.18.RELEASE.jar:/usr/local/netbeans-12.6/netbeans/java/modules/ext/spring-3.0/spring-web-3.2.18.RELEASE.jar:/usr/local/netbeans-12.6/netbeans/java/modules/ext/spring-3.0/spring-webmvc-3.2.18.RELEASE.jar:/usr/local/netbeans-12.6/netbeans/java/modules/ext/spring-3.0/spring-webmvc-portlet-3.2.18.RELEASE.jar" />
    <property name="javac.test.classpath" value=":build/classes:/usr/local/netbeans-12.6/netbeans/platform/modules/ext/junit-4.13.2.jar:/usr/local/netbeans-12.6/netbeans/platform/modules/ext/hamcrest-core-1.3.jar" />
    <property name="java.specification.version" value="11" />
    <property name="jar.index.metainf" value="false" />
    <property name="libs.spring-framework500.classpath" value="/usr/local/netbeans-12.6/netbeans/platform/modules/org-apache-commons-logging.jar:/usr/local/netbeans-12.6/netbeans/java/modules/ext/cglib-2.2.jar:/usr/local/netbeans-12.6/netbeans/java/modules/ext/spring-5/spring-aop-5.2.9.RELEASE.jar:/usr/local/netbeans-12.6/netbeans/java/modules/ext/spring-5/spring-aspects-5.2.9.RELEASE.jar:/usr/local/netbeans-12.6/netbeans/java/modules/ext/spring-5/spring-beans-5.2.9.RELEASE.jar:/usr/local/netbeans-12.6/netbeans/java/modules/ext/spring-5/spring-context-5.2.9.RELEASE.jar:/usr/local/netbeans-12.6/netbeans/java/modules/ext/spring-5/spring-context-indexer-5.2.9.RELEASE.jar:/usr/local/netbeans-12.6/netbeans/java/modules/ext/spring-5/spring-context-support-5.2.9.RELEASE.jar:/usr/local/netbeans-12.6/netbeans/java/modules/ext/spring-5/spring-core-5.2.9.RELEASE.jar:/usr/local/netbeans-12.6/netbeans/java/modules/ext/spring-5/spring-expression-5.2.9.RELEASE.jar:/usr/local/netbeans-12.6/netbeans/java/modules/ext/spring-5/spring-instrument-5.2.9.RELEASE.jar:/usr/local/netbeans-12.6/netbeans/java/modules/ext/spring-5/spring-jcl-5.2.9.RELEASE.jar:/usr/local/netbeans-12.6/netbeans/java/modules/ext/spring-5/spring-jdbc-5.2.9.RELEASE.jar:/usr/local/netbeans-12.6/netbeans/java/modules/ext/spring-5/spring-jms-5.2.9.RELEASE.jar:/usr/local/netbeans-12.6/netbeans/java/modules/ext/spring-5/spring-messaging-5.2.9.RELEASE.jar:/usr/local/netbeans-12.6/netbeans/java/modules/ext/spring-5/spring-orm-5.2.9.RELEASE.jar:/usr/local/netbeans-12.6/netbeans/java/modules/ext/spring-5/spring-oxm-5.2.9.RELEASE.jar:/usr/local/netbeans-12.6/netbeans/java/modules/ext/spring-5/spring-test-5.2.9.RELEASE.jar:/usr/local/netbeans-12.6/netbeans/java/modules/ext/spring-5/spring-tx-5.2.9.RELEASE.jar:/usr/local/netbeans-12.6/netbeans/java/modules/ext/spring-5/spring-web-5.2.9.RELEASE.jar:/usr/local/netbeans-12.6/netbeans/java/modules/ext/spring-5/spring-webflux-5.2.9.RELEASE.jar:/usr/local/netbeans-12.6/netbeans/java/modules/ext/spring-5/spring-webmvc-5.2.9.RELEASE.jar:/usr/local/netbeans-12.6/netbeans/java/modules/ext/spring-5/spring-websocket-5.2.9.RELEASE.jar" />
    <property name="libs.spring-webmvc4.0.javadoc" value="" />
    <property name="libs.spring-framework400.classpath" value="/usr/local/netbeans-12.6/netbeans/platform/modules/org-apache-commons-logging.jar:/usr/local/netbeans-12.6/netbeans/java/modules/ext/cglib-2.2.jar:/usr/local/netbeans-12.6/netbeans/java/modules/ext/spring-4/spring-aop-4.3.29.RELEASE.jar:/usr/local/netbeans-12.6/netbeans/java/modules/ext/spring-4/spring-aspects-4.3.29.RELEASE.jar:/usr/local/netbeans-12.6/netbeans/java/modules/ext/spring-4/spring-beans-4.3.29.RELEASE.jar:/usr/local/netbeans-12.6/netbeans/java/modules/ext/spring-4/spring-context-4.3.29.RELEASE.jar:/usr/local/netbeans-12.6/netbeans/java/modules/ext/spring-4/spring-context-support-4.3.29.RELEASE.jar:/usr/local/netbeans-12.6/netbeans/java/modules/ext/spring-4/spring-core-4.3.29.RELEASE.jar:/usr/local/netbeans-12.6/netbeans/java/modules/ext/spring-4/spring-expression-4.3.29.RELEASE.jar:/usr/local/netbeans-12.6/netbeans/java/modules/ext/spring-4/spring-instrument-4.3.29.RELEASE.jar:/usr/local/netbeans-12.6/netbeans/java/modules/ext/spring-4/spring-instrument-tomcat-4.3.29.RELEASE.jar:/usr/local/netbeans-12.6/netbeans/java/modules/ext/spring-4/spring-jdbc-4.3.29.RELEASE.jar:/usr/local/netbeans-12.6/netbeans/java/modules/ext/spring-4/spring-jms-4.3.29.RELEASE.jar:/usr/local/netbeans-12.6/netbeans/java/modules/ext/spring-4/spring-messaging-4.3.29.RELEASE.jar:/usr/local/netbeans-12.6/netbeans/java/modules/ext/spring-4/spring-orm-4.3.29.RELEASE.jar:/usr/local/netbeans-12.6/netbeans/java/modules/ext/spring-4/spring-oxm-4.3.29.RELEASE.jar:/usr/local/netbeans-12.6/netbeans/java/modules/ext/spring-4/spring-test-4.3.29.RELEASE.jar:/usr/local/netbeans-12.6/netbeans/java/modules/ext/spring-4/spring-tx-4.3.29.RELEASE.jar:/usr/local/netbeans-12.6/netbeans/java/modules/ext/spring-4/spring-web-4.3.29.RELEASE.jar:/usr/local/netbeans-12.6/netbeans/java/modules/ext/spring-4/spring-webmvc-4.3.29.RELEASE.jar:/usr/local/netbeans-12.6/netbeans/java/modules/ext/spring-4/spring-webmvc-portlet-4.3.29.RELEASE.jar:/usr/local/netbeans-12.6/netbeans/java/modules/ext/spring-4/spring-websocket-4.3.29.RELEASE.jar" />
    <property name="test.binaryincludes" value="&lt;nothing&gt;" />
    <property name="do.jlink" value="false" />
    <property name="debug-transport" value="dt_socket" />
    <property name="libs.javaee-web-api-8.0.src" value="" />
    <property name="java.vendor.url" value="https://ubuntu.com/" />
    <property name="debug.modulepath" value="" />
    <property name="libs.jsp-compilation.src" value="" />
    <property name="libs.eclipselink.javadoc" value="/usr/local/netbeans-12.6/netbeans/java/modules/ext/docs/javax.persistence-2.2.1-doc.zip" />
    <property name="libs.JWSAntTasks.javadoc" value="" />
    <property name="sun.boot.library.path" value="/usr/lib/jvm/java-11-openjdk-amd64/lib" />
    <property name="platform.home" value="/usr/lib/jvm/java-11-openjdk-amd64" />
    <property name="sun.java.command" value="org.apache.tools.ant.taskdefs.optional.junit.JUnitTestRunner lowatem.JoueurLowatemTest skipNonTests=false filtertrace=true haltOnError=false haltOnFailure=false showoutput=true outputtoformatters=true logfailedtests=true threadid=0 logtestlistenerevents=true formatter=org.apache.tools.ant.taskdefs.optional.junit.BriefJUnitResultFormatter formatter=org.apache.tools.ant.taskdefs.optional.junit.XMLJUnitResultFormatter,/home/pauline/lowatem/Projet_2_NIV_6/Lowatem/build/test/results/TEST-lowatem.JoueurLowatemTest.xml crashfile=/home/pauline/lowatem/Projet_2_NIV_6/Lowatem/build/junitvmwatcher2168008468819955152.properties propsfile=/home/pauline/lowatem/Projet_2_NIV_6/Lowatem/build/junit4317232031801383616.properties" />
    <property name="jdk.debug" value="release" />
    <property name="libs.spring-framework300.src" value="" />
    <property name="javadoc.use" value="true" />
    <property name="javadoc.notree" value="false" />
    <property name="basedir" value="/home/pauline/lowatem/Projet_2_NIV_6/Lowatem" />
    <property name="application.vendor" value="olivier" />
    <property name="java.vm.specification.vendor" value="Oracle Corporation" />
    <property name="java.specification.name" value="Java Platform API Specification" />
    <property name="libs.jsf20.classpath" value="/usr/local/netbeans-12.6/netbeans/enterprise/modules/ext/jsf-2_2/javax.faces.jar" />
    <property name="netbeans.extbrowser.manual_chrome_plugin_install" value="yes" />
    <property name="libs.spring-framework500.javadoc" value="" />
    <property name="netbeans.default_userdir_root" value="/home/pauline/.netbeans" />
    <property name="libs.jsp-compilation-syscp.src" value="" />
    <property name="jdk.home" value="/usr" />
    <property name="java.runtime.version" value="11.0.11+9-Ubuntu-0ubuntu2.20.04" />
    <property name="libs.eclipselink.maven-pom" value="" />
    <property name="libs.metro.maven-pom" value="" />
    <property name="libs.JAXB-ENDORSED.javadoc" value="" />
    <property name="platform.bootcp" value="/usr/lib/jvm/java-11-openjdk-amd64/!/modules/java.base/:/usr/lib/jvm/java-11-openjdk-amd64/!/modules/java.compiler/:/usr/lib/jvm/java-11-openjdk-amd64/!/modules/java.datatransfer/:/usr/lib/jvm/java-11-openjdk-amd64/!/modules/java.desktop/:/usr/lib/jvm/java-11-openjdk-amd64/!/modules/java.instrument/:/usr/lib/jvm/java-11-openjdk-amd64/!/modules/java.logging/:/usr/lib/jvm/java-11-openjdk-amd64/!/modules/java.management/:/usr/lib/jvm/java-11-openjdk-amd64/!/modules/java.management.rmi/:/usr/lib/jvm/java-11-openjdk-amd64/!/modules/java.naming/:/usr/lib/jvm/java-11-openjdk-amd64/!/modules/java.net.http/:/usr/lib/jvm/java-11-openjdk-amd64/!/modules/java.prefs/:/usr/lib/jvm/java-11-openjdk-amd64/!/modules/java.rmi/:/usr/lib/jvm/java-11-openjdk-amd64/!/modules/java.scripting/:/usr/lib/jvm/java-11-openjdk-amd64/!/modules/java.se/:/usr/lib/jvm/java-11-openjdk-amd64/!/modules/java.security.jgss/:/usr/lib/jvm/java-11-openjdk-amd64/!/modules/java.security.sasl/:/usr/lib/jvm/java-11-openjdk-amd64/!/modules/java.smartcardio/:/usr/lib/jvm/java-11-openjdk-amd64/!/modules/java.sql/:/usr/lib/jvm/java-11-openjdk-amd64/!/modules/java.sql.rowset/:/usr/lib/jvm/java-11-openjdk-amd64/!/modules/java.transaction.xa/:/usr/lib/jvm/java-11-openjdk-amd64/!/modules/java.xml/:/usr/lib/jvm/java-11-openjdk-amd64/!/modules/java.xml.crypto/:/usr/lib/jvm/java-11-openjdk-amd64/!/modules/jdk.accessibility/:/usr/lib/jvm/java-11-openjdk-amd64/!/modules/jdk.aot/:/usr/lib/jvm/java-11-openjdk-amd64/!/modules/jdk.attach/:/usr/lib/jvm/java-11-openjdk-amd64/!/modules/jdk.charsets/:/usr/lib/jvm/java-11-openjdk-amd64/!/modules/jdk.compiler/:/usr/lib/jvm/java-11-openjdk-amd64/!/modules/jdk.crypto.cryptoki/:/usr/lib/jvm/java-11-openjdk-amd64/!/modules/jdk.crypto.ec/:/usr/lib/jvm/java-11-openjdk-amd64/!/modules/jdk.dynalink/:/usr/lib/jvm/java-11-openjdk-amd64/!/modules/jdk.editpad/:/usr/lib/jvm/java-11-openjdk-amd64/!/modules/jdk.hotspot.agent/:/usr/lib/jvm/java-11-openjdk-amd64/!/modules/jdk.httpserver/:/usr/lib/jvm/java-11-openjdk-amd64/!/modules/jdk.internal.ed/:/usr/lib/jvm/java-11-openjdk-amd64/!/modules/jdk.internal.jvmstat/:/usr/lib/jvm/java-11-openjdk-amd64/!/modules/jdk.internal.le/:/usr/lib/jvm/java-11-openjdk-amd64/!/modules/jdk.internal.opt/:/usr/lib/jvm/java-11-openjdk-amd64/!/modules/jdk.internal.vm.ci/:/usr/lib/jvm/java-11-openjdk-amd64/!/modules/jdk.internal.vm.compiler/:/usr/lib/jvm/java-11-openjdk-amd64/!/modules/jdk.internal.vm.compiler.management/:/usr/lib/jvm/java-11-openjdk-amd64/!/modules/jdk.jartool/:/usr/lib/jvm/java-11-openjdk-amd64/!/modules/jdk.javadoc/:/usr/lib/jvm/java-11-openjdk-amd64/!/modules/jdk.jcmd/:/usr/lib/jvm/java-11-openjdk-amd64/!/modules/jdk.jconsole/:/usr/lib/jvm/java-11-openjdk-amd64/!/modules/jdk.jdeps/:/usr/lib/jvm/java-11-openjdk-amd64/!/modules/jdk.jdi/:/usr/lib/jvm/java-11-openjdk-amd64/!/modules/jdk.jdwp.agent/:/usr/lib/jvm/java-11-openjdk-amd64/!/modules/jdk.jfr/:/usr/lib/jvm/java-11-openjdk-amd64/!/modules/jdk.jlink/:/usr/lib/jvm/java-11-openjdk-amd64/!/modules/jdk.jshell/:/usr/lib/jvm/java-11-openjdk-amd64/!/modules/jdk.jsobject/:/usr/lib/jvm/java-11-openjdk-amd64/!/modules/jdk.jstatd/:/usr/lib/jvm/java-11-openjdk-amd64/!/modules/jdk.localedata/:/usr/lib/jvm/java-11-openjdk-amd64/!/modules/jdk.management/:/usr/lib/jvm/java-11-openjdk-amd64/!/modules/jdk.management.agent/:/usr/lib/jvm/java-11-openjdk-amd64/!/modules/jdk.management.jfr/:/usr/lib/jvm/java-11-openjdk-amd64/!/modules/jdk.naming.dns/:/usr/lib/jvm/java-11-openjdk-amd64/!/modules/jdk.naming.ldap/:/usr/lib/jvm/java-11-openjdk-amd64/!/modules/jdk.naming.rmi/:/usr/lib/jvm/java-11-openjdk-amd64/!/modules/jdk.net/:/usr/lib/jvm/java-11-openjdk-amd64/!/modules/jdk.pack/:/usr/lib/jvm/java-11-openjdk-amd64/!/modules/jdk.rmic/:/usr/lib/jvm/java-11-openjdk-amd64/!/modules/jdk.scripting.nashorn/:/usr/lib/jvm/java-11-openjdk-amd64/!/modules/jdk.scripting.nashorn.shell/:/usr/lib/jvm/java-11-openjdk-amd64/!/modules/jdk.sctp/:/usr/lib/jvm/java-11-openjdk-amd64/!/modules/jdk.security.auth/:/usr/lib/jvm/java-11-openjdk-amd64/!/modules/jdk.security.jgss/:/usr/lib/jvm/java-11-openjdk-amd64/!/modules/jdk.unsupported/:/usr/lib/jvm/java-11-openjdk-amd64/!/modules/jdk.unsupported.desktop/:/usr/lib/jvm/java-11-openjdk-amd64/!/modules/jdk.xml.dom/:/usr/lib/jvm/java-11-openjdk-amd64/!/modules/jdk.zipfs/" />
    <property name="sun.java2d.noddraw" value="true" />
    <property name="sun.zip.disableMemoryMapping" value="true" />
    <property name="jnidispatch.path" value="/home/pauline/.cache/JNA/temp/jna13380562552755282564.tmp" />
    <property name="libs.jsf12.src" value="" />
    <property name="libs.primefaces.javadoc" value="" />
    <property name="libs.jsp-compilation.javadoc" value="" />
    <property name="libs.groovy-all.maven-pom" value="" />
    <property name="libs.restapi.src" value="" />
    <property name="libs.junit_5.javadoc" value="/usr/local/netbeans-12.6/netbeans/platform/docs/junit-jupiter-api-5.6.0-javadoc.jar:/usr/local/netbeans-12.6/netbeans/platform/docs/junit-jupiter-params-5.6.0-javadoc.jar:/usr/local/netbeans-12.6/netbeans/platform/docs/junit-jupiter-engine-5.6.0-javadoc.jar" />
    <property name="dist.archive.excludes" value="" />
    <property name="java.io.tmpdir" value="/tmp" />
    <property name="java.version" value="11.0.11" />
    <property name="libs.jakartaee-api-8.0.javadoc" value="/usr/local/netbeans-12.6/netbeans/enterprise/docs/jakartaee8-doc-api.jar" />
    <property name="java.vm.specification.name" value="Java Virtual Machine Specification" />
    <property name="java.library.path" value="/usr/java/packages/lib:/usr/lib/x86_64-linux-gnu/jni:/lib/x86_64-linux-gnu:/usr/lib/x86_64-linux-gnu:/usr/lib/jni:/lib:/usr/lib" />
    <property name="libs.hamcrest.src" value="" />
    <property name="java.vendor" value="Ubuntu" />
    <property name="libs.groovy-all.src" value="" />
    <property name="libs.testng.javadoc" value="/usr/local/netbeans-12.6/netbeans/platform/docs/testng-6.13.1-javadoc.jar" />
    <property name="meta.inf.dir" value="src/META-INF" />
    <property name="run.upgrademodulepath" value="" />
    <property name="compile.on.save" value="false" />
    <property name="jlink.additionalparam" value="" />
    <property name="libs.testng.maven-pom" value="" />
    <property name="org.openide.version" value="deprecated" />
    <property name="test.includes" value="lowatem/JoueurLowatemTest.java" />
    <property name="run.classpath" value=":build/classes" />
    <property name="libs.jaxb.src" value="" />
    <property name="test.src.dir" value="test" />
    <property name="sun.awt.enableExtraMouseButtons" value="true" />
    <property name="org.openide.major.version" value="IDE/1" />
    <property name="libs.spring-framework300.javadoc" value="" />
    <property name="ap.proc.none.internal" value="" />
    <property name="org.openide.specification.version" value="6.2" />
    <property name="user.timezone" value="" />
    <property name="jar.index" value="false" />
    <property name="libs.jpa20-persistence.classpath" value="/usr/local/netbeans-12.6/netbeans/java/modules/ext/eclipselink/javax.persistence-2.2.1.jar" />
    <property name="libs.eclipselinkmodelgen.javadoc" value="" />
    <property name="java.vm.specification.version" value="11" />
    <property name="libs.junit_5.classpath" value="/usr/local/netbeans-12.6/netbeans/platform/modules/ext/junit-jupiter-api-5.6.0.jar:/usr/local/netbeans-12.6/netbeans/platform/modules/ext/junit-jupiter-params-5.6.0.jar:/usr/local/netbeans-12.6/netbeans/platform/modules/ext/junit-jupiter-engine-5.6.0.jar" />
    <property name="javadoc.noindex" value="false" />
    <property name="javadoc.private" value="false" />
    <property name="libs.spring-webmvc4.0.maven-pom" value="" />
    <property name="libs.JAXB-ENDORSED.maven-pom" value="" />
    <property name="user.home" value="/home/pauline" />
    <property name="libs.eclipselinkmodelgen.maven-pom" value="" />
    <property name="have.sources" value="true" />
    <property name="annotation.processing.processors.list" value="" />
    <property name="javac.deprecation" value="false" />
    <property name="jlink.launcher" value="true" />
    <property name="platform.javac" value="/usr/lib/jvm/java-11-openjdk-amd64/bin/javac" />
    <property name="build.generated.sources.dir" value="build/generated-sources" />
    <property name="plugin.manager.check.updates" value="false" />
    <property name="netbeans.autoupdate.language" value="fr" />
    <property name="libs.eclipselinkmodelgen.src" value="" />
    <property name="build.compiler.emacs" value="true" />
    <property name="build.classes.excludes" value="**/*.java,**/*.form" />
    <property name="dist.jar" value="dist/Lowatem.jar" />
    <property name="libs.jakartaee-web-api-9.0.classpath" value="/usr/local/netbeans-12.6/netbeans/enterprise/modules/ext/jakarta.jakartaee-web-api-9.0.0.jar" />
    <property name="libs.spring-webmvc4.0.classpath" value="/usr/local/netbeans-12.6/netbeans/java/modules/ext/spring-4/spring-webmvc-4.3.29.RELEASE.jar" />
    <property name="modules.supported.internal" value="true" />
    <property name="libs.javaee-endorsed-api-7.0.javadoc" value="/usr/local/netbeans-12.6/netbeans/enterprise/docs/javaee-doc-api.jar" />
    <property name="os.version" value="5.11.0-41-generic" />
    <property name="netbeans.home" value="/usr/local/netbeans-12.6/netbeans/platform" />
    <property name="libs.CopyLibs.javadoc" value="" />
    <property name="debug-transport-by-os" value="dt_socket" />
    <property name="libs.jsf20.src" value="" />
    <property name="libs.javaee-api-8.0.javadoc" value="/usr/local/netbeans-12.6/netbeans/enterprise/docs/javaee-doc-api.jar" />
    <property name="java.vm.name" value="OpenJDK 64-Bit Server VM" />
    <property name="unnamed.module.internal" value="true" />
    <property name="libs.jstl.javadoc" value="/usr/local/netbeans-12.6/netbeans/enterprise/docs/javaee-doc-api.jar" />
    <property name="libs.javaee-endorsed-api-7.0.maven-pom" value="" />
    <property name="libs.jaxws21.classpath" value="/usr/local/netbeans-12.6/netbeans/ide/modules/ext/jaxb/jaxb-impl.jar:/usr/local/netbeans-12.6/netbeans/ide/modules/ext/jaxb/jaxb-xjc.jar:/usr/local/netbeans-12.6/netbeans/java/modules/ext/jaxws22/FastInfoset.jar:/usr/local/netbeans-12.6/netbeans/java/modules/ext/jaxws22/gmbal-api-only.jar:/usr/local/netbeans-12.6/netbeans/java/modules/ext/jaxws22/ha-api.jar:/usr/local/netbeans-12.6/netbeans/java/modules/ext/jaxws22/javax.mail_1.4.jar:/usr/local/netbeans-12.6/netbeans/java/modules/ext/jaxws22/jaxws-rt.jar:/usr/local/netbeans-12.6/netbeans/java/modules/ext/jaxws22/jaxws-tools.jar:/usr/local/netbeans-12.6/netbeans/java/modules/ext/jaxws22/management-api.jar:/usr/local/netbeans-12.6/netbeans/java/modules/ext/jaxws22/mimepull.jar:/usr/local/netbeans-12.6/netbeans/java/modules/ext/jaxws22/policy.jar:/usr/local/netbeans-12.6/netbeans/java/modules/ext/jaxws22/saaj-impl.jar:/usr/local/netbeans-12.6/netbeans/java/modules/ext/jaxws22/stax-ex.jar:/usr/local/netbeans-12.6/netbeans/java/modules/ext/jaxws22/stax2-api.jar:/usr/local/netbeans-12.6/netbeans/java/modules/ext/jaxws22/streambuffer.jar:/usr/local/netbeans-12.6/netbeans/java/modules/ext/jaxws22/woodstox-core-asl.jar:/usr/local/netbeans-12.6/netbeans/java/modules/ext/jaxws22/api/jaxws-api.jar:/usr/local/netbeans-12.6/netbeans/java/modules/ext/jaxws22/api/jsr181-api.jar:/usr/local/netbeans-12.6/netbeans/java/modules/ext/jaxws22/api/javax.annotation.jar:/usr/local/netbeans-12.6/netbeans/java/modules/ext/jaxws22/api/saaj-api.jar:/usr/local/netbeans-12.6/netbeans/ide/modules/ext/jaxb/activation.jar:/usr/local/netbeans-12.6/netbeans/ide/modules/ext/jaxb/api/jaxb-api.jar" />
    <property name="libs.restapi.classpath" value="/usr/local/netbeans-12.6/netbeans/enterprise/modules/ext/jaxrs-2.1/jakarta.ws.rs-api-2.1.6.jar" />
    <property name="os.arch" value="amd64" />
    <property name="build.generated.dir" value="build/generated" />
    <property name="libs.groovy-all.javadoc" value="" />
    <property name="libs.jakartaee-api-8.0.classpath" value="/usr/local/netbeans-12.6/netbeans/enterprise/modules/ext/jakarta.jakartaee-api-8.0.0.jar" />
    <property name="libs.javaee-web-api-7.0.javadoc" value="/usr/local/netbeans-12.6/netbeans/enterprise/docs/javaee-doc-api.jar" />
    <property name="libs.javaee-endorsed-api-6.0.src" value="" />
    <property name="libs.jsf12.maven-pom" value="" />
    <property name="libs.javaee-endorsed-api-7.0.classpath" value="/usr/local/netbeans-12.6/netbeans/enterprise/modules/ext/javaee7-endorsed/javax.annotation-api.jar:/usr/local/netbeans-12.6/netbeans/enterprise/modules/ext/javaee7-endorsed/javax.xml.soap-api.jar:/usr/local/netbeans-12.6/netbeans/enterprise/modules/ext/javaee7-endorsed/jaxb-api-osgi.jar:/usr/local/netbeans-12.6/netbeans/enterprise/modules/ext/javaee7-endorsed/jaxws-api.jar:/usr/local/netbeans-12.6/netbeans/enterprise/modules/ext/javaee7-endorsed/jsr181-api.jar" />
    <property name="libs.primefaces.maven-pom" value="" />
    <property name="org.netbeans.io.suspend" value="0" />
    <property name="awt.toolkit" value="sun.awt.X11.XToolkit" />
    <property name="ant.project.name" value="Lowatem" />
    <property name="dist.javadoc.dir" value="dist/javadoc" />
    <property name="default.javac.target" value="11" />
    <property name="libs.eclipselink.classpath" value="/usr/local/netbeans-12.6/netbeans/java/modules/ext/eclipselink/org.eclipse.persistence.core-2.7.9.jar:/usr/local/netbeans-12.6/netbeans/java/modules/ext/eclipselink/org.eclipse.persistence.asm-9.1.0.jar:/usr/local/netbeans-12.6/netbeans/java/modules/ext/eclipselink/org.eclipse.persistence.antlr-2.7.9.jar:/usr/local/netbeans-12.6/netbeans/java/modules/ext/eclipselink/org.eclipse.persistence.jpa-2.7.9.jar:/usr/local/netbeans-12.6/netbeans/java/modules/ext/eclipselink/org.eclipse.persistence.jpa.jpql-2.7.9.jar:/usr/local/netbeans-12.6/netbeans/java/modules/ext/eclipselink/org.eclipse.persistence.moxy-2.7.9.jar:/usr/local/netbeans-12.6/netbeans/java/modules/ext/eclipselink/javax.persistence-2.2.1.jar" />
    <property name="libs.struts.classpath" value="/usr/local/netbeans-12.6/netbeans/enterprise/modules/ext/struts/antlr-2.7.2.jar:/usr/local/netbeans-12.6/netbeans/enterprise/modules/ext/struts/bsf-2.3.0.jar:/usr/local/netbeans-12.6/netbeans/enterprise/modules/ext/struts/commons-beanutils-1.8.0.jar:/usr/local/netbeans-12.6/netbeans/enterprise/modules/ext/struts/commons-chain-1.2.jar:/usr/local/netbeans-12.6/netbeans/enterprise/modules/ext/struts/commons-digester-1.8.jar:/usr/local/netbeans-12.6/netbeans/enterprise/modules/ext/struts/commons-fileupload-1.1.1.jar:/usr/local/netbeans-12.6/netbeans/enterprise/modules/ext/struts/commons-io-1.1.jar:/usr/local/netbeans-12.6/netbeans/enterprise/modules/ext/struts/commons-logging-1.0.4.jar:/usr/local/netbeans-12.6/netbeans/enterprise/modules/ext/struts/commons-validator-1.3.1.jar:/usr/local/netbeans-12.6/netbeans/enterprise/modules/ext/struts/jstl-1.0.2.jar:/usr/local/netbeans-12.6/netbeans/enterprise/modules/ext/struts/oro-2.0.8.jar:/usr/local/netbeans-12.6/netbeans/enterprise/modules/ext/struts/standard-1.0.6.jar:/usr/local/netbeans-12.6/netbeans/enterprise/modules/ext/struts/struts-core-1.3.10.jar:/usr/local/netbeans-12.6/netbeans/enterprise/modules/ext/struts/struts-el-1.3.10.jar:/usr/local/netbeans-12.6/netbeans/enterprise/modules/ext/struts/struts-extras-1.3.10.jar:/usr/local/netbeans-12.6/netbeans/enterprise/modules/ext/struts/struts-faces-1.3.10.jar:/usr/local/netbeans-12.6/netbeans/enterprise/modules/ext/struts/struts-mailreader-dao-1.3.10.jar:/usr/local/netbeans-12.6/netbeans/enterprise/modules/ext/struts/struts-scripting-1.3.10.jar:/usr/local/netbeans-12.6/netbeans/enterprise/modules/ext/struts/struts-taglib-1.3.10.jar:/usr/local/netbeans-12.6/netbeans/enterprise/modules/ext/struts/struts-tiles-1.3.10.jar" />
    <property name="libs.PostgreSQLDriver.maven-pom" value="" />
    <property name="libs.absolutelayout.src" value="" />
    <property name="testng.mode" value="testng" />
    <property name="annotation.processing.enabled.in.editor" value="false" />
    <property name="ant.file.type.Lowatem" value="file" />
    <property name="java.vm.compressedOopsMode" value="32-bit" />
    <property name="netbeans.productversion" value="Apache NetBeans IDE 12.6" />
    <property name="ant.file.Lowatem-impl" value="/home/pauline/lowatem/Projet_2_NIV_6/Lowatem/nbproject/build-impl.xml" />
    <property name="mkdist.disabled" value="false" />
    <property name="libs.javaee-web-api-6.0.javadoc" value="/usr/local/netbeans-12.6/netbeans/enterprise/docs/javaee-doc-api.jar" />
    <property name="libs.groovy-all.classpath" value="/usr/local/netbeans-12.6/netbeans/groovy/modules/ext/groovy-3.0.8.jar:/usr/local/netbeans-12.6/netbeans/groovy/modules/ext/groovy-ant-3.0.8.jar" />
    <property name="libs.javaee-api-7.0.maven-pom" value="" />
    <property name="libs.absolutelayout.javadoc" value="" />
    <property name="module.build.classes.dir" value="build/classes" />
    <property name="annotation.processing.processor.options" value="" />
    <property name="libs.jaxb.maven-pom" value="" />
    <property name="libs.javaee-api-6.0.maven-pom" value="" />
    <property name="dist.dir" value="dist" />
    <property name="build.dir" value="build" />
    <property name="libs.graaljs.maven-pom" value="" />
    <property name="netbeans.autoupdate.variant" value="" />
    <property name="javadoc.version" value="false" />
    <property name="libs.metro.src" value="" />
    <property name="libs.metro.classpath" value="/usr/local/netbeans-12.6/netbeans/ide/modules/ext/jaxb/activation.jar:/usr/local/netbeans-12.6/netbeans/enterprise/modules/ext/metro/webservices-api.jar:/usr/local/netbeans-12.6/netbeans/enterprise/modules/ext/metro/webservices-extra-api.jar:/usr/local/netbeans-12.6/netbeans/enterprise/modules/ext/metro/webservices-extra.jar:/usr/local/netbeans-12.6/netbeans/enterprise/modules/ext/metro/webservices-rt.jar:/usr/local/netbeans-12.6/netbeans/enterprise/modules/ext/metro/webservices-tools.jar" />
    <property name="libs.CopyLibs.classpath" value="/usr/local/netbeans-12.6/netbeans/java/ant/extra/org-netbeans-modules-java-j2seproject-copylibstask.jar" />
    <property name="sun.os.patch.level" value="unknown" />
    <property name="javadoc.html5" value="false" />
    <property name="javac.test.processorpath" value=":build/classes:/usr/local/netbeans-12.6/netbeans/platform/modules/ext/junit-4.13.2.jar:/usr/local/netbeans-12.6/netbeans/platform/modules/ext/hamcrest-core-1.3.jar" />
    <property name="libs.javaee-web-api-7.0.maven-pom" value="" />
    <property name="libs.javaee-web-api-8.0.maven-pom" value="" />
    <property name="netbeans.dirs" value="/usr/local/netbeans-12.6/netbeans/nb:/usr/local/netbeans-12.6/netbeans/ergonomics:/usr/local/netbeans-12.6/netbeans/ide:/usr/local/netbeans-12.6/netbeans/extide:/usr/local/netbeans-12.6/netbeans/java:/usr/local/netbeans-12.6/netbeans/apisupport:/usr/local/netbeans-12.6/netbeans/webcommon:/usr/local/netbeans-12.6/netbeans/websvccommon:/usr/local/netbeans-12.6/netbeans/enterprise:/usr/local/netbeans-12.6/netbeans/mobility:/usr/local/netbeans-12.6/netbeans/profiler:/usr/local/netbeans-12.6/netbeans/python:/usr/local/netbeans-12.6/netbeans/php:/usr/local/netbeans-12.6/netbeans/identity:/usr/local/netbeans-12.6/netbeans/harness:/usr/local/netbeans-12.6/netbeans/cnd:/usr/local/netbeans-12.6/netbeans/cndext:/usr/local/netbeans-12.6/netbeans/cpplite:/usr/local/netbeans-12.6/netbeans/dlight:/usr/local/netbeans-12.6/netbeans/groovy:/usr/local/netbeans-12.6/netbeans/extra:/usr/local/netbeans-12.6/netbeans/javacard:/usr/local/netbeans-12.6/netbeans/javafx:" />
    <property name="libs.hamcrest.maven-pom" value="" />
    <property name="javac.processorpath" value="" />
    <property name="libs.javaee-api-6.0.javadoc" value="/usr/local/netbeans-12.6/netbeans/enterprise/docs/javaee-doc-api.jar" />
    <property name="libs.JWSAntTasks.maven-pom" value="" />
    <property name="platform.javac.tmp" value="${platforms.JDK_11.javac}" />
    <property name="run.modulepath" value="" />
    <property name="javac.upgrademodulepath" value="" />
    <property name="do.archive+manifest.available" value="true" />
    <property name="apple.laf.useScreenMenuBar" value="true" />
    <property name="user.country" value="FR" />
    <property name="sun.java.launcher" value="SUN_STANDARD" />
    <property name="libs.jakartaee-api-9.0.maven-pom" value="" />
    <property name="libs.restapi.javadoc" value="" />
    <property name="libs.jpa20-persistence.src" value="" />
    <property name="endorsed.classpath" value="" />
    <property name="javac.test.sourcepath" value="/home/pauline/lowatem/Projet_2_NIV_6/Lowatem/build/empty" />
    <property name="libs.spring-webmvc3.0.maven-pom" value="" />
    <property name="includes" value="**" />
    <property name="libs.jsf12.javadoc" value="/usr/local/netbeans-12.6/netbeans/enterprise/docs/javaee-doc-api.jar" />
    <property name="libs.hamcrest.classpath" value="/usr/local/netbeans-12.6/netbeans/platform/modules/ext/hamcrest-core-1.3.jar" />
    <property name="javadoc.splitindex" value="true" />
    <property name="libs.JWSAntTasks.classpath" value="/usr/local/netbeans-12.6/netbeans/java/ant/extra/org-netbeans-modules-javawebstart-anttasks.jar" />
    <property name="junit.available" value="true" />
    <property name="javac.processormodulepath" value="" />
    <property name="javadoc.encoding" value="UTF-8" />
    <property name="libs.jsp-compilation-syscp.maven-pom" value="" />
    <property name="netbeans.hash.code" value="unique=NB_EXTIDE_JAVA_PHP_WEBCOMMON_WEBEE02ec9caa3-fc9b-4839-96d4-2918deb2d47d_4745180e-7047-406c-9106-43118ae93eee" />
    <property name="libs.jstl.src" value="" />
    <property name="platform.javadoc" value="/usr/lib/jvm/java-11-openjdk-amd64/bin/javadoc" />
    <property name="jlink.strip" value="false" />
    <property name="libs.spring-webmvc3.0.classpath" value="/usr/local/netbeans-12.6/netbeans/java/modules/ext/spring-3.0/spring-webmvc-3.2.18.RELEASE.jar" />
    <property name="netbeans.running.environment" value="gnome" />
    <property name="java.runtime.name" value="OpenJDK Runtime Environment" />
    <property name="libs.jaxb.javadoc" value="/usr/local/netbeans-12.6/netbeans/ide/docs/jaxb-api-doc.jar" />
    <property name="manifest.available" value="true" />
    <property name="libs.spring-framework500.maven-pom" value="" />
    <property name="run.jvmargs.ide" value="" />
    <property name="ant.core.lib" value="/usr/local/netbeans-12.6/netbeans/extide/ant/lib/ant.jar" />
    <property name="libs.jsp-compilation.maven-pom" value="" />
    <property name="platforms.JDK_11.compiler" value="modern" />
    <property name="javac.profile.cmd.line.arg" value="" />
    <property name="libs.jakartaee-api-9.0.classpath" value="/usr/local/netbeans-12.6/netbeans/enterprise/modules/ext/jakarta.jakartaee-api-9.0.0.jar" />
    <property name="application.title" value="Lowatem" />
    <property name="ignore.failing.tests" value="true" />
    <property name="javac.test.modulepath" value="" />
    <property name="libs.PostgreSQLDriver.javadoc" value="" />
    <property name="libs.jsp-compilation-syscp.classpath" value="/usr/local/netbeans-12.6/netbeans/extide/ant/lib/ant.jar:/usr/local/netbeans-12.6/netbeans/enterprise/modules/ext/servlet3.1-jsp2.3-api.jar:/usr/local/netbeans-12.6/netbeans/enterprise/modules/ext/glassfish-jspparser-4.0.jar:/usr/local/netbeans-12.6/netbeans/enterprise/modules/ext/jstl-impl.jar:/usr/local/netbeans-12.6/netbeans/enterprise/modules/ext/jsf-2_2/javax.faces.jar" />
    <property name="libs.jsp-compilation.classpath" value="/usr/local/netbeans-12.6/netbeans/extide/ant/lib/ant.jar:/usr/local/netbeans-12.6/netbeans/enterprise/modules/ext/servlet3.1-jsp2.3-api.jar:/usr/local/netbeans-12.6/netbeans/enterprise/modules/ext/glassfish-jspparser-4.0.jar:/usr/local/netbeans-12.6/netbeans/enterprise/modules/ext/jsf-2_2/javax.faces.jar:/usr/local/netbeans-12.6/netbeans/enterprise/modules/ext/jstl-api.jar:/usr/local/netbeans-12.6/netbeans/extide/ant/lib/ant-launcher.jar" />
    <property name="libs.javaee-api-6.0.classpath" value="/usr/local/netbeans-12.6/netbeans/enterprise/modules/ext/javaee-api-6.0.jar" />
    <property name="javac.includesfile.binary" value="/home/pauline/lowatem/Projet_2_NIV_6/Lowatem/null1940301496" />
    <property name="libs.javaee-api-7.0.classpath" value="/usr/local/netbeans-12.6/netbeans/enterprise/modules/ext/javaee-api-7.0.jar" />
    <property name="sun.cpu.isalist" value="" />
    <property name="libs.restapi.maven-pom" value="" />
    <property name="javadoc.preview" value="true" />
    <property name="do.depend" value="false" />
    <property name="sun.arch.data.model" value="64" />
    <property name="libs.jakartaee-web-api-9.0.maven-pom" value="" />
    <property name="nb.show.statistics.ui" value="usageStatisticsEnabled" />
    <property name="sun.font.fontmanager" value="sun.awt.X11FontManager" />
    <property name="libs.javaee-endorsed-api-7.0.src" value="" />
    <property name="annotation.processing.enabled" value="true" />
    <property name="libs.junit_5.src" value="/usr/local/netbeans-12.6/netbeans/platform/docs/junit-jupiter-api-5.6.0-sources.jar:/usr/local/netbeans-12.6/netbeans/platform/docs/junit-jupiter-params-5.6.0-sources.jar:/usr/local/netbeans-12.6/netbeans/platform/docs/junit-jupiter-engine-5.6.0-sources.jar" />
    <property name="libs.jaxb.classpath" value="/usr/local/netbeans-12.6/netbeans/ide/modules/ext/jaxb/jaxb-impl.jar:/usr/local/netbeans-12.6/netbeans/ide/modules/ext/jaxb/jaxb-xjc.jar:/usr/local/netbeans-12.6/netbeans/ide/modules/ext/jaxb/activation.jar:/usr/local/netbeans-12.6/netbeans/ide/modules/ext/jaxb/api/jaxb-api.jar" />
    <property name="libs.javaee-api-8.0.classpath" value="/usr/local/netbeans-12.6/netbeans/enterprise/modules/ext/javaee-api-8.0.jar" />
    <property name="libs.CopyLibs.src" value="" />
    <property name="platforms.JDK_11.home" value="/usr/lib/jvm/java-11-openjdk-amd64" />
    <property name="javac.source" value="11" />
    <property name="java.specification.vendor" value="Oracle Corporation" />
    <property name="java.version.date" value="2021-04-20" />
    <property name="java.home" value="/usr/lib/jvm/java-11-openjdk-amd64" />
    <property name="work.dir" value="/home/pauline/lowatem/Projet_2_NIV_6/Lowatem" />
    <property name="jna.boot.library.name" value="jnidispatch-nb" />
    <property name="javac.test.compilerargs" value="" />
    <property name="libs.PostgreSQLDriver.classpath" value="/usr/local/netbeans-12.6/netbeans/ide/modules/ext/postgresql-42.2.16.jar" />
    <property name="libs.graaljs.javadoc" value="" />
    <property name="libs.spring-webmvc3.0.javadoc" value="" />
    <property name="libs.JAXB-ENDORSED.src" value="" />
    <property name="manifest.encoding" value="UTF-8" />
    <property name="libs.spring-framework400.src" value="" />
    <property name="sun.management.compiler" value="HotSpot 64-Bit Tiered Compilers" />
    <property name="run.test.modulepath" value="" />
    <property name="libs.javaee-web-api-6.0.classpath" value="/usr/local/netbeans-12.6/netbeans/enterprise/modules/ext/javaee-web-api-6.0.jar" />
    <property name="libs.graaljs.classpath" value="/usr/local/netbeans-12.6/netbeans/webcommon/modules/ext/js-20.3.0.jar:/usr/local/netbeans-12.6/netbeans/webcommon/modules/ext/js-launcher-20.3.0.jar:/usr/local/netbeans-12.6/netbeans/webcommon/modules/ext/regex-20.3.0.jar:/usr/local/netbeans-12.6/netbeans/webcommon/modules/ext/icu4j-67.1.jar:/usr/local/netbeans-12.6/netbeans/ide/modules/ext/graal-sdk-20.3.0.jar:/usr/local/netbeans-12.6/netbeans/ide/modules/ext/launcher-common-20.3.0.jar:/usr/local/netbeans-12.6/netbeans/ide/modules/ext/truffle-api-20.3.0.jar" />
    <property name="libs.jsp-compiler.javadoc" value="" />
    <property name="debug.test.modulepath" value="" />
    <property name="libs.javaee-web-api-7.0.classpath" value="/usr/local/netbeans-12.6/netbeans/enterprise/modules/ext/javaee-web-api-7.0.jar" />
    <property name="file.encoding" value="UTF-8" />
    <property name="java.util.logging.config.class" value="org.netbeans.core.startup.TopLogging" />
    <property name="https.nonProxyHosts" value="localhost|127.0.0.1|pauline-OptiPlex-3080" />
    <property name="libs.restlib.javadoc" value="" />
    <property name="libs.absolutelayout.classpath" value="/usr/local/netbeans-12.6/netbeans/java/modules/ext/AbsoluteLayout.jar" />
    <property name="do.archive" value="true" />
    <property name="libs.struts.maven-pom" value="" />
    <property name="java.awt.printerjob" value="sun.print.PSPrinterJob" />
    <property name="built-jar.properties" value="/home/pauline/lowatem/Projet_2_NIV_6/Lowatem/build/built-jar.properties" />
    <property name="nb.native.filechooser" value="false" />
    <property name="libs.testng.src" value="" />
    <property name="platform.active" value="JDK_11" />
    <property name="libs.javaee-web-api-8.0.classpath" value="/usr/local/netbeans-12.6/netbeans/enterprise/modules/ext/javaee-web-api-8.0.jar" />
    <property name="manifest.file" value="manifest.mf" />
    <property name="sun.io.unicode.encoding" value="UnicodeLittle" />
    <property name="libs.struts.javadoc" value="/usr/local/netbeans-12.6/netbeans/enterprise/docs/struts-1.3.10-javadoc.zip" />
    <property name="default.javac.source" value="11" />
    <property name="sun.desktop" value="gnome" />
    <property name="netbeans.dynamic.classpath" value="/usr/local/netbeans-12.6/netbeans/platform/core/asm-9.2.jar:/usr/local/netbeans-12.6/netbeans/platform/core/core-base.jar:/usr/local/netbeans-12.6/netbeans/platform/core/org-openide-filesystems-compat8.jar:/usr/local/netbeans-12.6/netbeans/platform/core/asm-tree-9.2.jar:/usr/local/netbeans-12.6/netbeans/platform/core/asm-commons-9.2.jar:/usr/local/netbeans-12.6/netbeans/platform/core/org-netbeans-libs-asm.jar:/usr/local/netbeans-12.6/netbeans/platform/core/org-openide-filesystems.jar:/usr/local/netbeans-12.6/netbeans/platform/core/core.jar:/usr/local/netbeans-12.6/netbeans/nb/core/org-netbeans-upgrader.jar:/usr/local/netbeans-12.6/netbeans/nb/core/locale/core_nb.jar" />
    <property name="libs.javaee-web-api-8.0.javadoc" value="/usr/local/netbeans-12.6/netbeans/enterprise/docs/javaee-doc-api.jar" />
    <property name="libs.eclipselinkmodelgen.classpath" value="/usr/local/netbeans-12.6/netbeans/java/modules/ext/eclipselink/org.eclipse.persistence.jpa.modelgen.processor-2.7.9.jar" />
    <property name="javac.systemmodulepath.cmd.line.arg" value="" />
    <property name="netbeans.buildnumber" value="12.6-9cacf1fd305b775b176576c8b633b10b73524861" />
    <property name="endorsed.classpath.cmd.line.arg" value="" />
    <property name="libs.jpa20-persistence.maven-pom" value="" />
    <property name="build.sysclasspath" value="ignore" />
    <property name="os.name" value="Linux" />
    <property name="libs.CopyLibs.maven-pom" value="" />
    <property name="libs.jakartaee-api-8.0.maven-pom" value="" />
    <property name="http.nonProxyHosts" value="localhost|127.0.0.1|pauline-OptiPlex-3080" />
    <property name="javadoc.author" value="false" />
    <property name="main.class" value="" />
    <property name="libs.jsp-compilation-syscp.javadoc" value="" />
    <property name="source.encoding" value="UTF-8" />
    <property name="jar.compress" value="false" />
    <property name="libs.javaee-api-7.0.javadoc" value="/usr/local/netbeans-12.6/netbeans/enterprise/docs/javaee-doc-api.jar" />
    <property name="libs.spring-webmvc5.0.src" value="" />
    <property name="libs.jsf20.maven-pom" value="" />
    <property name="java.awt.graphicsenv" value="sun.awt.X11GraphicsEnvironment" />
    <property name="libs.restlib.classpath" value="/usr/local/netbeans-12.6/netbeans/enterprise/modules/ext/jersey2/ext/jakarta.annotation-api-1.3.5.jar:/usr/local/netbeans-12.6/netbeans/enterprise/modules/ext/jersey2/ext/jakarta.persistence-api-2.2.3.jar:/usr/local/netbeans-12.6/netbeans/enterprise/modules/ext/jersey2/ext/jakarta.servlet-api-4.0.4.jar:/usr/local/netbeans-12.6/netbeans/enterprise/modules/ext/jersey2/ext/jakarta.validation-api-2.0.2.jar:/usr/local/netbeans-12.6/netbeans/enterprise/modules/ext/jersey2/ext/jakarta.xml.bind-api-2.3.3.jar:/usr/local/netbeans-12.6/netbeans/enterprise/modules/ext/jersey2/jersey-client.jar:/usr/local/netbeans-12.6/netbeans/enterprise/modules/ext/jersey2/jersey-common.jar:/usr/local/netbeans-12.6/netbeans/enterprise/modules/ext/jersey2/jersey-server.jar:/usr/local/netbeans-12.6/netbeans/enterprise/modules/ext/jersey2/ext/jersey-entity-filtering-2.34.jar:/usr/local/netbeans-12.6/netbeans/enterprise/modules/ext/jersey2/ext/jersey-hk2-2.34.jar:/usr/local/netbeans-12.6/netbeans/enterprise/modules/ext/jersey2/ext/jersey-media-moxy-2.34.jar:/usr/local/netbeans-12.6/netbeans/enterprise/modules/ext/jersey2/jersey-container-servlet.jar:/usr/local/netbeans-12.6/netbeans/enterprise/modules/ext/jersey2/jersey-container-servlet-core.jar:/usr/local/netbeans-12.6/netbeans/enterprise/modules/ext/jersey2/ext/hk2-api-2.6.1.jar:/usr/local/netbeans-12.6/netbeans/enterprise/modules/ext/jersey2/ext/hk2-locator-2.6.1.jar:/usr/local/netbeans-12.6/netbeans/enterprise/modules/ext/jersey2/ext/hk2-utils-2.6.1.jar:/usr/local/netbeans-12.6/netbeans/enterprise/modules/ext/jersey2/ext/jakarta.inject-2.6.1.jar:/usr/local/netbeans-12.6/netbeans/enterprise/modules/ext/jersey2/ext/aopalliance-repackaged-2.6.1.jar:/usr/local/netbeans-12.6/netbeans/enterprise/modules/ext/jersey2/ext/osgi.core-8.0.0.jar:/usr/local/netbeans-12.6/netbeans/enterprise/modules/ext/jersey2/ext/osgi-resource-locator-1.0.3.jar:/usr/local/netbeans-12.6/netbeans/java/modules/ext/eclipselink/org.eclipse.persistence.core-2.7.9.jar:/usr/local/netbeans-12.6/netbeans/java/modules/ext/eclipselink/org.eclipse.persistence.asm-9.1.0.jar:/usr/local/netbeans-12.6/netbeans/java/modules/ext/eclipselink/org.eclipse.persistence.antlr-2.7.9.jar:/usr/local/netbeans-12.6/netbeans/java/modules/ext/eclipselink/org.eclipse.persistence.jpa-2.7.9.jar:/usr/local/netbeans-12.6/netbeans/java/modules/ext/eclipselink/org.eclipse.persistence.jpa.jpql-2.7.9.jar:/usr/local/netbeans-12.6/netbeans/java/modules/ext/eclipselink/org.eclipse.persistence.moxy-2.7.9.jar" />
    <property name="libs.jakartaee-web-api-8.0.javadoc" value="/usr/local/netbeans-12.6/netbeans/enterprise/docs/jakartaee8-doc-api.jar" />
    <property name="apple.awt.graphics.UseQuartz" value="true" />
    <property name="libs.graaljs.src" value="" />
    <property name="run.jvmargs" value="" />
    <property name="libs.primefaces.src" value="" />
    <property name="ant.file" value="/home/pauline/lowatem/Projet_2_NIV_6/Lowatem/build.xml" />
    <property name="libs.struts.src" value="" />
    <property name="path.separator" value=":" />
    <property name="libs.JAXB-ENDORSED.classpath" value="/usr/local/netbeans-12.6/netbeans/ide/modules/ext/jaxb/api/jaxb-api.jar" />
    <property name="libs.restlib.src" value="" />
    <property name="build.test.results.dir" value="build/test/results" />
    <property name="libs.jaxws21.javadoc" value="/usr/local/netbeans-12.6/netbeans/java/docs/jaxws-api-doc.zip" />
    <property name="libs.javaee-endorsed-api-6.0.javadoc" value="/usr/local/netbeans-12.6/netbeans/enterprise/docs/javaee-doc-api.jar" />
    <property name="libs.spring-framework400.maven-pom" value="" />
    <property name="ap.processors.internal" value="" />
    <property name="module.name" value="" />
    <property name="libs.spring-webmvc5.0.javadoc" value="" />
    <property name="libs.jsf12.classpath" value="/usr/local/netbeans-12.6/netbeans/enterprise/modules/ext/jsf-1_2/jsf-api.jar:/usr/local/netbeans-12.6/netbeans/enterprise/modules/ext/jsf-1_2/jsf-impl.jar" />
    <property name="libs.spring-framework400.javadoc" value="" />
    <property name="libs.hamcrest.javadoc" value="" />
    <property name="platform.javadoc.tmp" value="${platforms.JDK_11.javadoc}" />
    <property name="do.jar" value="true" />
    <property name="ant.file.type.Lowatem-impl" value="file" />
    <property name="java.vm.info" value="mixed mode, sharing" />
    <property name="libs.primefaces.classpath" value="/usr/local/netbeans-12.6/netbeans/enterprise/modules/ext/primefaces/primefaces-5.0.jar" />
    <property name="libs.jaxws21.maven-pom" value="" />
    <property name="run.test.classpath" value=":build/classes:/usr/local/netbeans-12.6/netbeans/platform/modules/ext/junit-4.13.2.jar:/usr/local/netbeans-12.6/netbeans/platform/modules/ext/hamcrest-core-1.3.jar:build/test/classes:/usr/local/netbeans-12.6/netbeans/platform/modules/ext/junit-4.13.2.jar:/usr/local/netbeans-12.6/netbeans/platform/modules/ext/hamcrest-core-1.3.jar" />
    <property name="dist.jlink.output" value="dist/jlink/Lowatem" />
    <property name="javadoc.encoding.used" value="UTF-8" />
    <property name="java.class.version" value="55.0" />
    <property name="src.dir" value="src" />
    <property name="ant.project.default-target" value="default" />
    <property name="debug.classpath" value=":build/classes" />
    <property name="excludes" value="" />
    <property name="libs.javaee-api-7.0.src" value="" />
    <property name="platform.java.tmp" value="${platforms.JDK_11.java}" />
    <property name="libs.junit_4.javadoc" value="/usr/local/netbeans-12.6/netbeans/platform/docs/junit-4.13.2-javadoc.jar" />
    <property name="run.test.jvmargs" value="" />
    <property name="sun.jnu.encoding" value="UTF-8" />
    <property name="libs.spring-webmvc4.0.src" value="" />
    <property name="sun.java2d.dpiaware" value="true" />
    <property name="libs.jsf20.javadoc" value="/usr/local/netbeans-12.6/netbeans/enterprise/docs/javaee-doc-api.jar" />
    <property name="netbeans.importclass" value="org.netbeans.upgrade.AutoUpgrade" />
    <property name="netbeans.autoupdate.version" value="1.23" />
    <property name="empty.dir" value="/home/pauline/lowatem/Projet_2_NIV_6/Lowatem/build/empty" />
    <property name="netbeans.user" value="/home/pauline/.netbeans/12.6" />
    <property name="javac.includes.binary" value="/home/pauline/lowatem/Projet_2_NIV_6/Lowatem/build/test/classes/lowatem/JoueurLowatemTest.class" />
    <property name="file.separator" value="/" />
    <property name="line.separator" value="&#xa;" />
    <property name="javadoc.additionalparam" value="" />
    <property name="libs.spring-webmvc5.0.classpath" value="/usr/local/netbeans-12.6/netbeans/java/modules/ext/spring-5/spring-webmvc-5.2.9.RELEASE.jar" />
    <property name="javac.debug" value="true" />
    <property name="libs.restlib.maven-pom" value="" />
    <property name="libs.testng.classpath" value="/usr/local/netbeans-12.6/netbeans/platform/modules/ext/testng-6.14.3.jar:/usr/local/netbeans-12.6/netbeans/platform/modules/ext/jcommander-1.78.jar" />
    <property name="libs.jsp-compiler.src" value="" />
    <property name="user.name" value="pauline" />
    <property name="build.classes.dir" value="build/classes" />
    <property name="nb.junit.single" value="false" />
    <property name="javadoc.windowtitle" value="" />
    <property name="nb.internal.action.name" value="test.single" />
    <property name="libs.javaee-api-8.0.maven-pom" value="" />
    <property name="libs.jaxws21.src" value="" />
    <property name="libs.jakartaee-web-api-9.0.javadoc" value="/usr/local/netbeans-12.6/netbeans/enterprise/docs/jakartaee9-doc-api.jar" />
    <property name="platforms.JDK_11.bootclasspath" value="/usr/lib/jvm/java-11-openjdk-amd64/!/modules/java.base/:/usr/lib/jvm/java-11-openjdk-amd64/!/modules/java.compiler/:/usr/lib/jvm/java-11-openjdk-amd64/!/modules/java.datatransfer/:/usr/lib/jvm/java-11-openjdk-amd64/!/modules/java.desktop/:/usr/lib/jvm/java-11-openjdk-amd64/!/modules/java.instrument/:/usr/lib/jvm/java-11-openjdk-amd64/!/modules/java.logging/:/usr/lib/jvm/java-11-openjdk-amd64/!/modules/java.management/:/usr/lib/jvm/java-11-openjdk-amd64/!/modules/java.management.rmi/:/usr/lib/jvm/java-11-openjdk-amd64/!/modules/java.naming/:/usr/lib/jvm/java-11-openjdk-amd64/!/modules/java.net.http/:/usr/lib/jvm/java-11-openjdk-amd64/!/modules/java.prefs/:/usr/lib/jvm/java-11-openjdk-amd64/!/modules/java.rmi/:/usr/lib/jvm/java-11-openjdk-amd64/!/modules/java.scripting/:/usr/lib/jvm/java-11-openjdk-amd64/!/modules/java.se/:/usr/lib/jvm/java-11-openjdk-amd64/!/modules/java.security.jgss/:/usr/lib/jvm/java-11-openjdk-amd64/!/modules/java.security.sasl/:/usr/lib/jvm/java-11-openjdk-amd64/!/modules/java.smartcardio/:/usr/lib/jvm/java-11-openjdk-amd64/!/modules/java.sql/:/usr/lib/jvm/java-11-openjdk-amd64/!/modules/java.sql.rowset/:/usr/lib/jvm/java-11-openjdk-amd64/!/modules/java.transaction.xa/:/usr/lib/jvm/java-11-openjdk-amd64/!/modules/java.xml/:/usr/lib/jvm/java-11-openjdk-amd64/!/modules/java.xml.crypto/:/usr/lib/jvm/java-11-openjdk-amd64/!/modules/jdk.accessibility/:/usr/lib/jvm/java-11-openjdk-amd64/!/modules/jdk.aot/:/usr/lib/jvm/java-11-openjdk-amd64/!/modules/jdk.attach/:/usr/lib/jvm/java-11-openjdk-amd64/!/modules/jdk.charsets/:/usr/lib/jvm/java-11-openjdk-amd64/!/modules/jdk.compiler/:/usr/lib/jvm/java-11-openjdk-amd64/!/modules/jdk.crypto.cryptoki/:/usr/lib/jvm/java-11-openjdk-amd64/!/modules/jdk.crypto.ec/:/usr/lib/jvm/java-11-openjdk-amd64/!/modules/jdk.dynalink/:/usr/lib/jvm/java-11-openjdk-amd64/!/modules/jdk.editpad/:/usr/lib/jvm/java-11-openjdk-amd64/!/modules/jdk.hotspot.agent/:/usr/lib/jvm/java-11-openjdk-amd64/!/modules/jdk.httpserver/:/usr/lib/jvm/java-11-openjdk-amd64/!/modules/jdk.internal.ed/:/usr/lib/jvm/java-11-openjdk-amd64/!/modules/jdk.internal.jvmstat/:/usr/lib/jvm/java-11-openjdk-amd64/!/modules/jdk.internal.le/:/usr/lib/jvm/java-11-openjdk-amd64/!/modules/jdk.internal.opt/:/usr/lib/jvm/java-11-openjdk-amd64/!/modules/jdk.internal.vm.ci/:/usr/lib/jvm/java-11-openjdk-amd64/!/modules/jdk.internal.vm.compiler/:/usr/lib/jvm/java-11-openjdk-amd64/!/modules/jdk.internal.vm.compiler.management/:/usr/lib/jvm/java-11-openjdk-amd64/!/modules/jdk.jartool/:/usr/lib/jvm/java-11-openjdk-amd64/!/modules/jdk.javadoc/:/usr/lib/jvm/java-11-openjdk-amd64/!/modules/jdk.jcmd/:/usr/lib/jvm/java-11-openjdk-amd64/!/modules/jdk.jconsole/:/usr/lib/jvm/java-11-openjdk-amd64/!/modules/jdk.jdeps/:/usr/lib/jvm/java-11-openjdk-amd64/!/modules/jdk.jdi/:/usr/lib/jvm/java-11-openjdk-amd64/!/modules/jdk.jdwp.agent/:/usr/lib/jvm/java-11-openjdk-amd64/!/modules/jdk.jfr/:/usr/lib/jvm/java-11-openjdk-amd64/!/modules/jdk.jlink/:/usr/lib/jvm/java-11-openjdk-amd64/!/modules/jdk.jshell/:/usr/lib/jvm/java-11-openjdk-amd64/!/modules/jdk.jsobject/:/usr/lib/jvm/java-11-openjdk-amd64/!/modules/jdk.jstatd/:/usr/lib/jvm/java-11-openjdk-amd64/!/modules/jdk.localedata/:/usr/lib/jvm/java-11-openjdk-amd64/!/modules/jdk.management/:/usr/lib/jvm/java-11-openjdk-amd64/!/modules/jdk.management.agent/:/usr/lib/jvm/java-11-openjdk-amd64/!/modules/jdk.management.jfr/:/usr/lib/jvm/java-11-openjdk-amd64/!/modules/jdk.naming.dns/:/usr/lib/jvm/java-11-openjdk-amd64/!/modules/jdk.naming.ldap/:/usr/lib/jvm/java-11-openjdk-amd64/!/modules/jdk.naming.rmi/:/usr/lib/jvm/java-11-openjdk-amd64/!/modules/jdk.net/:/usr/lib/jvm/java-11-openjdk-amd64/!/modules/jdk.pack/:/usr/lib/jvm/java-11-openjdk-amd64/!/modules/jdk.rmic/:/usr/lib/jvm/java-11-openjdk-amd64/!/modules/jdk.scripting.nashorn/:/usr/lib/jvm/java-11-openjdk-amd64/!/modules/jdk.scripting.nashorn.shell/:/usr/lib/jvm/java-11-openjdk-amd64/!/modules/jdk.sctp/:/usr/lib/jvm/java-11-openjdk-amd64/!/modules/jdk.security.auth/:/usr/lib/jvm/java-11-openjdk-amd64/!/modules/jdk.security.jgss/:/usr/lib/jvm/java-11-openjdk-amd64/!/modules/jdk.unsupported/:/usr/lib/jvm/java-11-openjdk-amd64/!/modules/jdk.unsupported.desktop/:/usr/lib/jvm/java-11-openjdk-amd64/!/modules/jdk.xml.dom/:/usr/lib/jvm/java-11-openjdk-amd64/!/modules/jdk.zipfs/" />
    <property name="jna.loaded" value="true" />
    <property name="libs.junit_5.maven-pom" value="" />
    <property name="libs.jpa20-persistence.javadoc" value="/usr/local/netbeans-12.6/netbeans/java/modules/ext/docs/javax.persistence-2.2.1-doc.zip" />
    <property name="ant.junit.enabletestlistenerevents" value="true" />
    <property name="libs.JWSAntTasks.src" value="" />
    <property name="ant.home" value="/usr/local/netbeans-12.6/netbeans/extide/ant" />
    <property name="libs.spring-webmvc3.0.src" value="" />
    <property name="debug.test.classpath" value=":build/classes:/usr/local/netbeans-12.6/netbeans/platform/modules/ext/junit-4.13.2.jar:/usr/local/netbeans-12.6/netbeans/platform/modules/ext/hamcrest-core-1.3.jar:build/test/classes:/usr/local/netbeans-12.6/netbeans/platform/modules/ext/junit-4.13.2.jar:/usr/local/netbeans-12.6/netbeans/platform/modules/ext/hamcrest-core-1.3.jar" />
    <property name="have.tests" value="true" />
    <property name="javac.external.vm" value="true" />
    <property name="testng.debug.mode" value="" />
    <property name="javac.target" value="11" />
    <property name="ant.version" value="Apache Ant(TM) version 1.10.8 compiled on May 10 2020" />
    <property name="libs.absolutelayout.maven-pom" value="" />
    <property name="java.failonerror" value="true" />
    <property name="libs.spring-framework500.src" value="" />
    <property name="javac.modulepath" value="" />
    <property name="user.properties.file" value="/home/pauline/.netbeans/12.6/build.properties" />
    <property name="libs.javaee-api-6.0.src" value="" />
    <property name="javac.includes" value="lowatem/JoueurLowatemTest.java" />
    <property name="netbeans.autoupdate.country" value="FR" />
    <property name="java.class.path" value="/home/pauline/lowatem/Projet_2_NIV_6/Lowatem/build/classes:/usr/local/netbeans-12.6/netbeans/platform/modules/ext/junit-4.13.2.jar:/usr/local/netbeans-12.6/netbeans/platform/modules/ext/hamcrest-core-1.3.jar:/home/pauline/lowatem/Projet_2_NIV_6/Lowatem/build/test/classes:/usr/local/netbeans-12.6/netbeans/extide/ant/lib/ant-launcher.jar:/usr/local/netbeans-12.6/netbeans/extide/ant/lib/ant.jar:/usr/local/netbeans-12.6/netbeans/extide/ant/lib/ant-junit.jar:/usr/local/netbeans-12.6/netbeans/extide/ant/lib/ant-junit4.jar" />
    <property name="libs.javaee-web-api-6.0.maven-pom" value="" />
    <property name="java.vm.vendor" value="Ubuntu" />
    <property name="ap.supported.internal" value="true" />
    <property name="netbeans.home+have.tests" value="true" />
    <property name="test.binaryexcludes" value="" />
    <property name="ant.file.Lowatem" value="/home/pauline/lowatem/Projet_2_NIV_6/Lowatem/build.xml" />
    <property name="javac.compilerargs" value="" />
    <property name="libs.jstl.maven-pom" value="" />
    <property name="libs.jakartaee-web-api-8.0.src" value="" />
    <property name="sun.cpu.endian" value="little" />
    <property name="libs.jakartaee-api-9.0.src" value="" />
    <property name="libs.junit_4.src" value="/usr/local/netbeans-12.6/netbeans/platform/docs/junit-4.13.2-sources.jar" />
    <property name="user.language" value="fr" />
    <property name="copylibs.rebase" value="true" />
    <property name="maven.defaultProjectBuilder.disableGlobalModelCache" value="true" />
    <property name="libs.javaee-web-api-6.0.src" value="" />
    <property name="javadoc.nonavbar" value="false" />
    <property name="libs.javaee-api-8.0.src" value="" />
    <property name="ant.java.version" value="11" />
    <property name="libs.junit_4.classpath" value="/usr/local/netbeans-12.6/netbeans/platform/modules/ext/junit-4.13.2.jar" />
    <property name="libs.jakartaee-api-9.0.javadoc" value="/usr/local/netbeans-12.6/netbeans/enterprise/docs/jakartaee9-doc-api.jar" />
    <property name="jlink.launcher.name" value="Lowatem" />
    <property name="test.binarytestincludes" value="" />
    <property name="libs.junit_4.maven-pom" value="" />
    <property name="libs.spring-webmvc5.0.maven-pom" value="" />
    <property name="libs.jsp-compiler.maven-pom" value="" />
    <property name="runtime.encoding" value="UTF-8" />
    <property name="jlink.additionalmodules" value="" />
    <property name="javac.classpath" value="" />
    <property name="libs.jakartaee-web-api-8.0.classpath" value="/usr/local/netbeans-12.6/netbeans/enterprise/modules/ext/jakarta.jakartaee-web-api-8.0.0.jar" />
    <property name="dist.jlink.dir" value="dist/jlink" />
    <property name="nb.junit.batch" value="true" />
    <property name="build.test.classes.dir" value="build/test/classes" />
    <property name="libs.spring-framework300.maven-pom" value="" />
    <property name="ant.project.invoked-targets" value="test-single" />
    <property name="libs.jstl.classpath" value="/usr/local/netbeans-12.6/netbeans/enterprise/modules/ext/jstl-impl.jar:/usr/local/netbeans-12.6/netbeans/enterprise/modules/ext/jstl-api.jar" />
    <property name="jna.platform.library.path" value="/usr/lib/x86_64-linux-gnu:/lib/x86_64-linux-gnu:/usr/lib64:/lib64:/usr/lib:/lib:/lib/i386-linux-gnu:/lib/i386-linux-gnu/i686/sse2:/lib/i386-linux-gnu/sse2" />
    <property name="ap.cmd.line.internal" value="" />
    <property name="libs.PostgreSQLDriver.src" value="" />
    <property name="platform.compiler" value="${platforms.JDK_11.compile}" />
    <property name="java.vendor.url.bug" value="https://bugs.launchpad.net/ubuntu/+source/openjdk-lts" />
    <property name="annotation.processing.source.output" value="build/generated-sources/ap-source-output" />
    <property name="user.dir" value="/home/pauline/lowatem/Projet_2_NIV_6/Lowatem" />
    <property name="libs.javaee-endorsed-api-6.0.maven-pom" value="" />
    <property name="platform.java" value="/usr/lib/jvm/java-11-openjdk-amd64/bin/java" />
    <property name="application.args" value="" />
    <property name="org.xml.sax.driver" value="com.sun.org.apache.xerces.internal.jaxp.SAXParserImpl$JAXPSAXParser" />
    <property name="libs.jakartaee-web-api-8.0.maven-pom" value="" />
    <property name="libs.eclipselink.src" value="" />
    <property name="java.vm.version" value="11.0.11+9-Ubuntu-0ubuntu2.20.04" />
    <property name="libs.metro.javadoc" value="/usr/local/netbeans-12.6/netbeans/enterprise/docs/webservices-api-javadoc.jar:/usr/local/netbeans-12.6/netbeans/enterprise/docs/webservices-extra-javadoc.jar:/usr/local/netbeans-12.6/netbeans/enterprise/docs/webservices-extra-api-javadoc.jar:/usr/local/netbeans-12.6/netbeans/enterprise/docs/webservices-rt-javadoc.jar:/usr/local/netbeans-12.6/netbeans/enterprise/docs/webservices-tools-javadoc.jar" />
    <property name="libs.jakartaee-web-api-9.0.src" value="" />
    <property name="test.class" value="lowatem.JoueurLowatemTest" />
    <property name="sun.awt.datatransfer.timeout" value="1000" />
    <property name="annotation.processing.run.all.processors" value="true" />
    <property name="libs.jsp-compiler.classpath" value="/usr/local/netbeans-12.6/netbeans/enterprise/ant/extra/jspcompile.jar" />
    <property name="libs.javaee-web-api-7.0.src" value="" />
    <property name="libs.jakartaee-api-8.0.src" value="" />
    <property name="junit.forkmode" value="perTest" />
    <property name="libs.javaee-endorsed-api-6.0.classpath" value="/usr/local/netbeans-12.6/netbeans/enterprise/modules/ext/javaee6-endorsed/javax.annotation.jar:/usr/local/netbeans-12.6/netbeans/enterprise/modules/ext/javaee6-endorsed/jaxb-api-osgi.jar:/usr/local/netbeans-12.6/netbeans/enterprise/modules/ext/javaee6-endorsed/webservices-api-osgi.jar" />
  </properties>
  <testcase classname="lowatem.JoueurLowatemTest" name="testNbPointsDeVie" time="0.009" />
  <testcase classname="lowatem.JoueurLowatemTest" name="testAjoutDeplDepuis" time="0.021" />
  <testcase classname="lowatem.JoueurLowatemTest" name="testCalculNewPv" time="0.0" />
  <testcase classname="lowatem.JoueurLowatemTest" name="testChaineActionDepl" time="0.0" />
  <testcase classname="lowatem.JoueurLowatemTest" name="testActionsPossibles" time="0.026" />
  <system-out><![CDATA[actionsPossibles : lancement le 14/12/2021 01:07:02.333
actionsPossibles : fin
[cDDbD,14,9, cDDaD,14,9, cDDdD,14,9, cDDeD,14,9, cDDfD,14,9, cDDgD,14,9, cDDhD,14,9, cDDiD,14,9, cDDjD,14,9, cDDkD,14,9, cDDlD,14,9, cDDmD,14,9, cDDnD,14,9, cDDcE,14,9, cDDcF,14,9, cDDcG,14,9, cDDcH,14,9, cDDcI,14,9, cDDcJ,14,9, cDDcK,14,9, cDDcKAcL,14,8, cDDcM,14,9, cDDcMAcL,14,8, cDDcN,14,9, cDDcC,14,9, cDDcB,14,9, cDDcA,14,9, cDDcD,14,9, fNDeN,14,9, fNDdN,14,9, fNDcN,14,9, fNDbN,14,9, fNDbNAaN,12,6, fNDgN,14,9, fNDhN,14,9, fNDiN,14,9, fNDjN,14,9, fNDkN,14,9, fNDlN,14,9, fNDmN,14,9, fNDfM,14,9, fNDfL,14,9, fNDfK,14,9, fNDfJ,14,9, fNDfI,14,9, fNDfH,14,9, fNDfG,14,9, fNDfF,14,9, fNDfE,14,9, fNDfD,14,9, fNDfC,14,9, fNDfB,14,9, fNDfA,14,9, fNDfN,14,9, nADmA,14,9, nADlA,14,9, nADkA,14,9, nADjA,14,9, nADiA,14,9, nADhA,14,9, nADgA,14,9, nADfA,14,9, nADeA,14,9, nADdA,14,9, nADcA,14,9, nADbA,14,9, nADbAAaA,13,6, nADnB,14,9, nADnC,14,9, nADnD,14,9, nADnE,14,9, nADnF,14,9, nADnG,14,9, nADnH,14,9, nADnI,14,9, nADnJ,14,9, nADnK,14,9, nADnL,14,9, nADnM,14,9, nADnA,14,9, nNDmN,14,9, nNDlN,14,9, nNDkN,14,9, nNDjN,14,9, nNDiN,14,9, nNDhN,14,9, nNDgN,14,9, nNDeN,14,9, nNDdN,14,9, nNDcN,14,9, nNDbN,14,9, nNDbNAaN,12,5, nNDnM,14,9, nNDnL,14,9, nNDnK,14,9, nNDnJ,14,9, nNDnI,14,9, nNDnH,14,9, nNDnG,14,9, nNDnF,14,9, nNDnE,14,9, nNDnD,14,9, nNDnC,14,9, nNDnB,14,9, nNDnN,14,9]
actionsPossibles : lancement le 14/12/2021 01:07:02.354
actionsPossibles : fin
[aADbA,14,9, aADcA,14,9, aADdA,14,9, aADeA,14,9, aADfA,14,9, aADgA,14,9, aADhA,14,9, aADiA,14,9, aADjA,14,9, aADkA,14,9, aADlA,14,9, aADmA,14,9, aADmAAnA,11,8, aADaB,14,9, aADaC,14,9, aADaD,14,9, aADaE,14,9, aADaF,14,9, aADaG,14,9, aADaH,14,9, aADaI,14,9, aADaJ,14,9, aADaK,14,9, aADaL,14,9, aADaM,14,9, aADaA,14,9, aNDbN,14,9, aNDcN,14,9, aNDdN,14,9, aNDeN,14,9, aNDeNAfN,12,8, aNDgN,14,9, aNDgNAfN,12,8, aNDhN,14,9, aNDiN,14,9, aNDjN,14,9, aNDkN,14,9, aNDlN,14,9, aNDmN,14,9, aNDmNAnN,10,7, aNDaM,14,9, aNDaL,14,9, aNDaK,14,9, aNDaJ,14,9, aNDaI,14,9, aNDaH,14,9, aNDaG,14,9, aNDaF,14,9, aNDaE,14,9, aNDaD,14,9, aNDaC,14,9, aNDaB,14,9, aNDaN,14,9, cLDbL,14,9, cLDaL,14,9, cLDdL,14,9, cLDeL,14,9, cLDfL,14,9, cLDgL,14,9, cLDhL,14,9, cLDiL,14,9, cLDjL,14,9, cLDkL,14,9, cLDlL,14,9, cLDmL,14,9, cLDnL,14,9, cLDcM,14,9, cLDcN,14,9, cLDcK,14,9, cLDcJ,14,9, cLDcI,14,9, cLDcH,14,9, cLDcG,14,9, cLDcF,14,9, cLDcE,14,9, cLDcEAcD,12,8, cLDcC,14,9, cLDcCAcD,12,8, cLDcB,14,9, cLDcA,14,9, cLDcL,14,9]
]]></system-out>
  <system-err><![CDATA[]]></system-err>
</testsuite>
